c:\users\admin\desktop\game project\crossingroad\crossingroad\x64\debug\vc142.pdb
c:\users\admin\desktop\game project\crossingroad\crossingroad\x64\debug\vc142.idb
c:\users\admin\desktop\game project\crossingroad\crossingroad\x64\debug\point2d.obj
c:\users\admin\desktop\game project\crossingroad\crossingroad\x64\debug\main.obj
c:\users\admin\desktop\game project\crossingroad\crossingroad\x64\debug\cvehicle.obj
c:\users\admin\desktop\game project\crossingroad\crossingroad\x64\debug\ctruck.obj
c:\users\admin\desktop\game project\crossingroad\crossingroad\x64\debug\cpeople.obj
c:\users\admin\desktop\game project\crossingroad\crossingroad\x64\debug\cgame.obj
c:\users\admin\desktop\game project\crossingroad\crossingroad\x64\debug\cdinosaur.obj
c:\users\admin\desktop\game project\crossingroad\crossingroad\x64\debug\ccar.obj
c:\users\admin\desktop\game project\crossingroad\crossingroad\x64\debug\cbird.obj
c:\users\admin\desktop\game project\crossingroad\crossingroad\x64\debug\canimal.obj
c:\users\admin\desktop\game project\crossingroad\crossingroad\x64\debug\ctank.obj
c:\users\admin\desktop\game project\crossingroad\crossingroad\x64\debug\cconsole.obj
c:\users\admin\desktop\game project\crossingroad\x64\debug\crossingroad.exe
c:\users\admin\desktop\game project\crossingroad\x64\debug\crossingroad.ilk
c:\users\admin\desktop\game project\crossingroad\x64\debug\crossingroad.pdb
c:\users\admin\desktop\game project\crossingroad\crossingroad\x64\debug\crossingroad.tlog\cl.command.1.tlog
c:\users\admin\desktop\game project\crossingroad\crossingroad\x64\debug\crossingroad.tlog\cl.read.1.tlog
c:\users\admin\desktop\game project\crossingroad\crossingroad\x64\debug\crossingroad.tlog\cl.write.1.tlog
c:\users\admin\desktop\game project\crossingroad\crossingroad\x64\debug\crossingroad.tlog\link.command.1.tlog
c:\users\admin\desktop\game project\crossingroad\crossingroad\x64\debug\crossingroad.tlog\link.read.1.tlog
c:\users\admin\desktop\game project\crossingroad\crossingroad\x64\debug\crossingroad.tlog\link.write.1.tlog
